iteration, enemy_level, game_time(s), date, my_score, enemy_score, battle_result, my_side
0, 4, 225, 2020-09-05T16:56:31+00:00, 12, 10, WIN, r
0, 5, 225, 2020-09-05T17:01:18+00:00, 10, 2, WIN, r
0, 7, 225, 2020-09-05T17:06:05+00:00, 14, 2, WIN, r
0, 8, 225, 2020-09-05T17:10:52+00:00, 8, 4, WIN, r
1, 4, 225, 2020-09-05T17:15:39+00:00, 10, 2, WIN, r
1, 5, 225, 2020-09-05T17:20:26+00:00, 17, 3, WIN, r
1, 7, 225, 2020-09-05T17:25:13+00:00, 11, 1, WIN, r
1, 8, 225, 2020-09-05T17:30:00+00:00, 15, 6, WIN, r
2, 4, 225, 2020-09-05T17:34:47+00:00, 8, 7, WIN, r
2, 5, 225, 2020-09-05T17:39:35+00:00, 13, 2, WIN, r
2, 7, 225, 2020-09-05T17:44:22+00:00, 11, 1, WIN, r
2, 8, 225, 2020-09-05T17:49:09+00:00, 19, 10, WIN, r
3, 4, 225, 2020-09-05T17:53:56+00:00, 10, 8, WIN, r
3, 5, 225, 2020-09-05T17:58:43+00:00, 14, 4, WIN, r
3, 7, 225, 2020-09-05T18:03:30+00:00, 8, 18, LOSE, r
3, 8, 225, 2020-09-05T18:08:17+00:00, 14, 4, WIN, r
4, 4, 225, 2020-09-05T18:13:05+00:00, 11, 1, WIN, r
4, 5, 225, 2020-09-05T18:17:53+00:00, 12, 2, WIN, r
4, 7, 225, 2020-09-05T18:22:40+00:00, 11, 1, WIN, r
4, 8, 225, 2020-09-05T18:27:27+00:00, 13, 3, WIN, r
5, 4, 225, 2020-09-05T18:32:14+00:00, 8, 4, WIN, r
5, 5, 225, 2020-09-05T18:37:01+00:00, 11, 12, LOSE, r
5, 7, 225, 2020-09-05T18:41:48+00:00, 10, 5, WIN, r
5, 8, 225, 2020-09-05T18:46:35+00:00, 9, 3, WIN, r
6, 4, 225, 2020-09-05T18:51:22+00:00, 8, 7, WIN, r
6, 5, 225, 2020-09-05T18:56:10+00:00, 14, 3, WIN, r
6, 7, 225, 2020-09-05T19:00:57+00:00, 11, 1, WIN, r
6, 8, 225, 2020-09-05T19:05:44+00:00, 17, 7, WIN, r
7, 4, 225, 2020-09-05T19:10:32+00:00, 11, 0, WIN, r
7, 5, 225, 2020-09-05T19:15:19+00:00, 15, 4, WIN, r
7, 7, 225, 2020-09-05T19:20:06+00:00, 11, 1, WIN, r
7, 8, 225, 2020-09-05T19:24:53+00:00, 6, 5, WIN, r
8, 4, 225, 2020-09-05T19:29:43+00:00, 10, 2, WIN, r
8, 5, 225, 2020-09-05T19:34:30+00:00, 7, 5, WIN, r
8, 7, 225, 2020-09-05T19:39:17+00:00, 11, 1, WIN, r
8, 8, 225, 2020-09-05T19:44:05+00:00, 16, 4, WIN, r
9, 4, 225, 2020-09-05T19:48:52+00:00, 11, 1, WIN, r
9, 5, 225, 2020-09-05T19:53:39+00:00, 12, 3, WIN, r
9, 7, 225, 2020-09-05T19:58:26+00:00, 15, 2, WIN, r
9, 8, 225, 2020-09-05T20:03:13+00:00, 16, 8, WIN, r
10, 4, 225, 2020-09-05T20:08:00+00:00, 11, 1, WIN, r
10, 5, 225, 2020-09-05T20:12:47+00:00, 12, 11, WIN, r
10, 7, 225, 2020-09-05T20:17:35+00:00, 20, 14, WIN, r
10, 8, 225, 2020-09-05T20:22:22+00:00, 11, 10, WIN, r
11, 4, 225, 2020-09-05T20:27:09+00:00, 8, 3, WIN, r
11, 5, 225, 2020-09-05T20:31:56+00:00, 13, 3, WIN, r
11, 7, 225, 2020-09-05T20:36:43+00:00, 12, 2, WIN, r
11, 8, 225, 2020-09-05T20:41:31+00:00, 3, 2, WIN, r
12, 4, 225, 2020-09-05T20:46:18+00:00, 11, 1, WIN, r
12, 5, 225, 2020-09-05T20:51:05+00:00, 8, 4, WIN, r
12, 7, 225, 2020-09-05T20:55:52+00:00, 6, 5, WIN, r
12, 8, 225, 2020-09-05T21:00:39+00:00, 6, 4, WIN, r
13, 4, 225, 2020-09-05T21:05:26+00:00, 9, 3, WIN, r
13, 5, 225, 2020-09-05T21:10:13+00:00, 16, 4, WIN, r
13, 7, 225, 2020-09-05T21:15:00+00:00, 11, 1, WIN, r
13, 8, 225, 2020-09-05T21:19:47+00:00, 6, 3, WIN, r
14, 4, 225, 2020-09-05T21:24:35+00:00, 7, 4, WIN, r
14, 5, 225, 2020-09-05T21:29:22+00:00, 4, 8, LOSE, r
14, 7, 225, 2020-09-05T21:34:09+00:00, 12, 2, WIN, r
14, 8, 225, 2020-09-05T21:38:56+00:00, 17, 6, WIN, r
15, 4, 225, 2020-09-05T21:43:43+00:00, 10, 2, WIN, r
15, 5, 225, 2020-09-05T21:48:30+00:00, 17, 3, WIN, r
15, 7, 225, 2020-09-05T21:53:17+00:00, 20, 14, WIN, r
15, 8, 225, 2020-09-05T21:58:05+00:00, 5, 3, WIN, r
16, 4, 225, 2020-09-05T22:02:53+00:00, 11, 4, WIN, r
16, 5, 225, 2020-09-05T22:07:41+00:00, 14, 4, WIN, r
16, 7, 225, 2020-09-05T22:12:29+00:00, 13, 2, WIN, r
16, 8, 225, 2020-09-05T22:17:17+00:00, 6, 2, WIN, r
17, 4, 225, 2020-09-05T22:22:04+00:00, 13, 2, WIN, r
17, 5, 225, 2020-09-05T22:26:51+00:00, 12, 11, WIN, r
17, 7, 225, 2020-09-05T22:31:38+00:00, 15, 5, WIN, r
17, 8, 225, 2020-09-05T22:36:25+00:00, 8, 7, WIN, r
18, 4, 225, 2020-09-05T22:41:13+00:00, 14, 4, WIN, r
18, 5, 225, 2020-09-05T22:46:00+00:00, 13, 2, WIN, r
18, 7, 225, 2020-09-05T22:50:47+00:00, 13, 2, WIN, r
18, 8, 225, 2020-09-05T22:55:34+00:00, 16, 4, WIN, r
19, 4, 225, 2020-09-05T23:00:21+00:00, 13, 4, WIN, r
19, 5, 225, 2020-09-05T23:05:09+00:00, 17, 6, WIN, r
19, 7, 225, 2020-09-05T23:09:56+00:00, 13, 2, WIN, r
19, 8, 225, 2020-09-05T23:14:43+00:00, 9, 7, WIN, r
20, 4, 225, 2020-09-05T23:19:30+00:00, 11, 1, WIN, r
20, 5, 225, 2020-09-05T23:24:17+00:00, 17, 3, WIN, r
20, 7, 225, 2020-09-05T23:29:04+00:00, 11, 1, WIN, r
20, 8, 225, 2020-09-05T23:33:51+00:00, 12, 10, WIN, r
21, 4, 225, 2020-09-05T23:38:39+00:00, 15, 6, WIN, r
21, 5, 225, 2020-09-05T23:43:26+00:00, 11, 1, WIN, r
21, 7, 225, 2020-09-05T23:48:13+00:00, 11, 1, WIN, r
21, 8, 225, 2020-09-05T23:53:00+00:00, 17, 5, WIN, r
22, 4, 225, 2020-09-05T23:57:47+00:00, 7, 3, WIN, r
22, 5, 225, 2020-09-06T00:02:34+00:00, 15, 3, WIN, r
22, 7, 225, 2020-09-06T00:07:21+00:00, 11, 1, WIN, r
22, 8, 225, 2020-09-06T00:12:08+00:00, 14, 8, WIN, r
23, 4, 225, 2020-09-06T00:16:55+00:00, 14, 6, WIN, r
23, 5, 225, 2020-09-06T00:21:43+00:00, 13, 2, WIN, r
23, 7, 225, 2020-09-06T00:26:29+00:00, 11, 0, WIN, r
23, 8, 225, 2020-09-06T00:31:17+00:00, 10, 5, WIN, r
24, 4, 225, 2020-09-06T00:36:04+00:00, 13, 2, WIN, r
24, 5, 225, 2020-09-06T00:40:51+00:00, 12, 11, WIN, r
24, 7, 225, 2020-09-06T00:45:38+00:00, 11, 0, WIN, r
24, 8, 225, 2020-09-06T00:50:25+00:00, 6, 6, LOSE, r
25, 4, 225, 2020-09-06T00:55:12+00:00, 8, 3, WIN, r
25, 5, 225, 2020-09-06T00:59:59+00:00, 6, 6, LOSE, r
25, 7, 225, 2020-09-06T01:04:46+00:00, 11, 10, WIN, r
25, 8, 225, 2020-09-06T01:09:33+00:00, 3, 2, WIN, r
26, 4, 225, 2020-09-06T01:14:20+00:00, 9, 14, LOSE, r
26, 5, 225, 2020-09-06T01:19:07+00:00, 14, 4, WIN, r
26, 7, 225, 2020-09-06T01:23:54+00:00, 6, 4, WIN, r
26, 8, 225, 2020-09-06T01:28:41+00:00, 6, 4, WIN, r
27, 4, 225, 2020-09-06T01:33:29+00:00, 9, 5, WIN, r
27, 5, 225, 2020-09-06T01:38:15+00:00, 14, 3, WIN, r
27, 7, 225, 2020-09-06T01:43:02+00:00, 5, 5, LOSE, r
27, 8, 225, 2020-09-06T01:47:49+00:00, 9, 7, WIN, r
28, 4, 225, 2020-09-06T01:52:36+00:00, 13, 2, WIN, r
28, 5, 225, 2020-09-06T01:57:23+00:00, 16, 6, WIN, r
28, 7, 225, 2020-09-06T02:02:10+00:00, 17, 3, WIN, r
28, 8, 225, 2020-09-06T02:07:01+00:00, 11, 8, WIN, r
29, 4, 225, 2020-09-06T02:11:49+00:00, 11, 1, WIN, r
29, 5, 225, 2020-09-06T02:16:36+00:00, 12, 3, WIN, r
29, 7, 225, 2020-09-06T02:21:23+00:00, 17, 6, WIN, r
29, 8, 225, 2020-09-06T02:26:10+00:00, 7, 8, LOSE, r
30, 4, 225, 2020-09-06T02:30:57+00:00, 9, 3, WIN, r
30, 5, 225, 2020-09-06T02:35:44+00:00, 15, 5, WIN, r
30, 7, 225, 2020-09-06T02:40:31+00:00, 19, 7, WIN, r
30, 8, 225, 2020-09-06T02:45:18+00:00, 16, 10, WIN, r
31, 4, 225, 2020-09-06T02:50:06+00:00, 11, 6, WIN, r
31, 5, 225, 2020-09-06T02:54:53+00:00, 14, 4, WIN, r
31, 7, 225, 2020-09-06T02:59:40+00:00, 11, 0, WIN, r
31, 8, 225, 2020-09-06T03:04:27+00:00, 14, 6, WIN, r
