iteration, enemy_level, game_time(s), date, my_score, enemy_score, battle_result, my_side
0, 8, 225, 2020-09-04T14:56:32+00:00, 0
0
0
0
0
0
0
0
0
0, 0
0
0
0
0
0
0
0
0
0, LOSE, r
1, 8, 225, 2020-09-04T15:01:19+00:00, 17, 7, WIN, r
2, 8, 225, 2020-09-04T15:06:12+00:00, 15, 4, WIN, r
3, 8, 225, 2020-09-04T15:11:02+00:00, 15, 3, WIN, r
4, 8, 225, 2020-09-04T15:15:49+00:00, 18, 5, WIN, r
5, 8, 225, 2020-09-04T15:20:36+00:00, 18, 6, WIN, r
6, 8, 225, 2020-09-04T15:25:23+00:00, 15, 2, WIN, r
7, 8, 225, 2020-09-04T15:30:10+00:00, 5, 15, LOSE, r
8, 8, 225, 2020-09-04T15:34:57+00:00, 16, 6, WIN, r
9, 8, 225, 2020-09-04T15:39:44+00:00, 19, 8, WIN, r
10, 8, 225, 2020-09-04T15:44:31+00:00, 6, 4, WIN, r
11, 8, 225, 2020-09-04T15:49:18+00:00, 16, 6, WIN, r
12, 8, 225, 2020-09-04T15:54:06+00:00, 17, 7, WIN, r
13, 8, 225, 2020-09-04T15:58:53+00:00, 15, 10, WIN, r
14, 8, 225, 2020-09-04T16:03:39+00:00, 12, 1, WIN, r
15, 8, 225, 2020-09-04T16:08:26+00:00, 11, 4, WIN, r
16, 8, 225, 2020-09-04T16:13:14+00:00, 15, 6, WIN, r
17, 8, 225, 2020-09-04T16:18:01+00:00, 9, 16, LOSE, r
18, 8, 225, 2020-09-04T16:22:48+00:00, 2, 13, LOSE, r
19, 8, 225, 2020-09-04T16:27:35+00:00, 18, 8, WIN, r
20, 8, 225, 2020-09-04T16:32:22+00:00, 13, 2, WIN, r
21, 8, 225, 2020-09-04T16:37:09+00:00, 12, 13, LOSE, r
22, 8, 225, 2020-09-04T16:41:56+00:00, 14, 3, WIN, r
23, 8, 225, 2020-09-04T16:46:43+00:00, 9, 3, WIN, r
24, 8, 225, 2020-09-04T16:51:31+00:00, 18, 6, WIN, r
25, 8, 225, 2020-09-04T16:56:18+00:00, 8, 4, WIN, r
26, 8, 225, 2020-09-04T17:01:05+00:00, 14, 4, WIN, r
27, 8, 225, 2020-09-04T17:05:53+00:00, 20, 8, WIN, r
28, 8, 225, 2020-09-04T17:10:40+00:00, 15, 9, WIN, r
29, 8, 225, 2020-09-04T17:15:27+00:00, 13, 3, WIN, r
30, 8, 225, 2020-09-04T17:20:14+00:00, 14, 3, WIN, r
31, 8, 225, 2020-09-04T17:25:01+00:00, 12, 2, WIN, r
32, 8, 225, 2020-09-04T17:29:51+00:00, 18, 5, WIN, r
33, 8, 225, 2020-09-04T17:34:39+00:00, 16, 5, WIN, r
34, 8, 225, 2020-09-04T17:39:26+00:00, 14, 4, WIN, r
35, 8, 225, 2020-09-04T17:44:14+00:00, 18, 10, WIN, r
36, 8, 225, 2020-09-04T17:49:01+00:00, 6, 2, WIN, r
37, 8, 225, 2020-09-04T17:53:49+00:00, 7, 6, WIN, r
38, 8, 225, 2020-09-04T17:58:36+00:00, 16, 6, WIN, r
39, 8, 225, 2020-09-04T18:03:23+00:00, 6, 7, LOSE, r
