iteration, enemy_level, game_time(s), date, my_score, enemy_score, battle_result, my_side
0, 4, 225, 2020-09-05T05:06:44+00:00, 11, 1, WIN, r
0, 5, 225, 2020-09-05T05:11:31+00:00, 11, 12, LOSE, r
0, 7, 225, 2020-09-05T05:16:19+00:00, 13, 3, WIN, r
0, 8, 225, 2020-09-05T05:21:07+00:00, 5, 3, WIN, r
1, 4, 225, 2020-09-05T05:25:54+00:00, 11, 3, WIN, r
1, 5, 225, 2020-09-05T05:30:41+00:00, 17, 6, WIN, r
1, 7, 225, 2020-09-05T05:35:28+00:00, 13, 2, WIN, r
1, 8, 225, 2020-09-05T05:40:15+00:00, 11, 7, WIN, r
2, 4, 225, 2020-09-05T05:45:02+00:00, 11, 4, WIN, r
2, 5, 225, 2020-09-05T05:49:49+00:00, 14, 4, WIN, r
2, 7, 225, 2020-09-05T05:54:36+00:00, 11, 1, WIN, r
2, 8, 225, 2020-09-05T05:59:24+00:00, 17, 7, WIN, r
3, 4, 225, 2020-09-05T06:04:11+00:00, 11, 4, WIN, r
3, 5, 225, 2020-09-05T06:08:58+00:00, 7, 5, WIN, r
3, 7, 225, 2020-09-05T06:13:45+00:00, 7, 8, LOSE, r
3, 8, 225, 2020-09-05T06:18:32+00:00, 10, 7, WIN, r
4, 4, 225, 2020-09-05T06:23:19+00:00, 11, 4, WIN, r
4, 5, 225, 2020-09-05T06:28:06+00:00, 11, 12, LOSE, r
4, 7, 225, 2020-09-05T06:32:53+00:00, 11, 1, WIN, r
4, 8, 225, 2020-09-05T06:37:43+00:00, 15, 5, WIN, r
5, 4, 225, 2020-09-05T06:42:31+00:00, 14, 4, WIN, r
5, 5, 225, 2020-09-05T06:47:18+00:00, 7, 5, WIN, r
5, 7, 225, 2020-09-05T06:52:05+00:00, 6, 6, LOSE, r
5, 8, 225, 2020-09-05T06:56:53+00:00, 9, 5, WIN, r
6, 4, 225, 2020-09-05T07:01:40+00:00, 13, 2, WIN, r
6, 5, 225, 2020-09-05T07:06:27+00:00, 13, 2, WIN, r
6, 7, 225, 2020-09-05T07:11:14+00:00, 18, 11, WIN, r
6, 8, 225, 2020-09-05T07:16:01+00:00, 12, 6, WIN, r
7, 4, 225, 2020-09-05T07:20:48+00:00, 12, 3, WIN, r
7, 5, 225, 2020-09-05T07:25:35+00:00, 11, 12, LOSE, r
7, 7, 225, 2020-09-05T07:30:23+00:00, 6, 17, LOSE, r
7, 8, 225, 2020-09-05T07:35:10+00:00, 13, 4, WIN, r
8, 4, 225, 2020-09-05T07:39:57+00:00, 9, 3, WIN, r
8, 5, 225, 2020-09-05T07:44:44+00:00, 12, 10, WIN, r
8, 7, 225, 2020-09-05T07:49:32+00:00, 11, 0, WIN, r
8, 8, 225, 2020-09-05T07:54:19+00:00, 16, 6, WIN, r
9, 4, 225, 2020-09-05T07:59:06+00:00, 9, 6, WIN, r
9, 5, 225, 2020-09-05T08:03:53+00:00, 15, 4, WIN, r
9, 7, 225, 2020-09-05T08:08:41+00:00, 18, 5, WIN, r
9, 8, 225, 2020-09-05T08:13:28+00:00, 16, 4, WIN, r
10, 4, 225, 2020-09-05T08:18:15+00:00, 5, 2, WIN, r
10, 5, 225, 2020-09-05T08:23:02+00:00, 14, 3, WIN, r
10, 7, 225, 2020-09-05T08:27:49+00:00, 14, 3, WIN, r
10, 8, 225, 2020-09-05T08:32:36+00:00, 11, 1, WIN, r
11, 4, 225, 2020-09-05T08:37:23+00:00, 9, 3, WIN, r
11, 5, 225, 2020-09-05T08:42:10+00:00, 14, 9, WIN, r
11, 7, 225, 2020-09-05T08:46:57+00:00, 12, 6, WIN, r
11, 8, 225, 2020-09-05T08:51:45+00:00, 8, 10, LOSE, r
12, 4, 225, 2020-09-05T08:56:32+00:00, 9, 3, WIN, r
12, 5, 225, 2020-09-05T09:01:20+00:00, 15, 5, WIN, r
12, 7, 225, 2020-09-05T09:06:06+00:00, 11, 1, WIN, r
12, 8, 225, 2020-09-05T09:10:54+00:00, 13, 3, WIN, r
13, 4, 225, 2020-09-05T09:15:41+00:00, 14, 4, WIN, r
13, 5, 225, 2020-09-05T09:20:28+00:00, 6, 5, WIN, r
13, 7, 225, 2020-09-05T09:25:15+00:00, 13, 1, WIN, r
13, 8, 225, 2020-09-05T09:30:02+00:00, 12, 11, WIN, r
14, 4, 225, 2020-09-05T09:34:49+00:00, 9, 5, WIN, r
14, 5, 225, 2020-09-05T09:39:36+00:00, 11, 12, LOSE, r
14, 7, 225, 2020-09-05T09:44:23+00:00, 13, 8, WIN, r
14, 8, 225, 2020-09-05T09:49:10+00:00, 17, 8, WIN, r
15, 4, 225, 2020-09-05T09:53:57+00:00, 6, 4, WIN, r
15, 5, 225, 2020-09-05T09:58:44+00:00, 14, 3, WIN, r
15, 7, 225, 2020-09-05T10:03:32+00:00, 15, 5, WIN, r
15, 8, 225, 2020-09-05T10:08:19+00:00, 14, 4, WIN, r
16, 4, 225, 2020-09-05T10:13:06+00:00, 11, 7, WIN, r
16, 5, 225, 2020-09-05T10:17:53+00:00, 7, 5, WIN, r
16, 7, 225, 2020-09-05T10:22:40+00:00, 14, 5, WIN, r
16, 8, 225, 2020-09-05T10:27:27+00:00, 8, 11, LOSE, r
17, 4, 225, 2020-09-05T10:32:14+00:00, 9, 3, WIN, r
17, 5, 225, 2020-09-05T10:37:01+00:00, 10, 2, WIN, r
17, 7, 225, 2020-09-05T10:41:48+00:00, 15, 5, WIN, r
17, 8, 225, 2020-09-05T10:46:35+00:00, 16, 6, WIN, r
18, 4, 225, 2020-09-05T10:51:23+00:00, 14, 9, WIN, r
18, 5, 225, 2020-09-05T10:56:11+00:00, 16, 4, WIN, r
18, 7, 225, 2020-09-05T11:00:58+00:00, 12, 9, WIN, r
18, 8, 225, 2020-09-05T11:05:45+00:00, 14, 3, WIN, r
19, 4, 225, 2020-09-05T11:10:32+00:00, 11, 1, WIN, r
19, 5, 225, 2020-09-05T11:15:19+00:00, 15, 5, WIN, r
19, 7, 225, 2020-09-05T11:20:06+00:00, 11, 1, WIN, r
19, 8, 225, 2020-09-05T11:24:53+00:00, 9, 11, LOSE, r
20, 4, 225, 2020-09-05T11:29:41+00:00, 4, 15, LOSE, r
20, 5, 225, 2020-09-05T11:34:28+00:00, 17, 3, WIN, r
20, 7, 225, 2020-09-05T11:39:16+00:00, 14, 5, WIN, r
20, 8, 225, 2020-09-05T11:44:03+00:00, 14, 6, WIN, r
21, 4, 225, 2020-09-05T11:48:50+00:00, 13, 2, WIN, r
21, 5, 225, 2020-09-05T11:53:38+00:00, 14, 4, WIN, r
21, 7, 225, 2020-09-05T11:58:25+00:00, 11, 1, WIN, r
21, 8, 225, 2020-09-05T12:03:12+00:00, 16, 5, WIN, r
22, 4, 225, 2020-09-05T12:07:59+00:00, 5, 12, LOSE, r
22, 5, 225, 2020-09-05T12:12:46+00:00, 16, 4, WIN, r
22, 7, 225, 2020-09-05T12:17:33+00:00, 8, 4, WIN, r
22, 8, 225, 2020-09-05T12:22:21+00:00, 13, 7, WIN, r
23, 4, 225, 2020-09-05T12:27:08+00:00, 10, 8, WIN, r
23, 5, 225, 2020-09-05T12:31:55+00:00, 13, 10, WIN, r
23, 7, 225, 2020-09-05T12:36:42+00:00, 14, 4, WIN, r
23, 8, 225, 2020-09-05T12:41:30+00:00, 13, 8, WIN, r
24, 4, 225, 2020-09-05T12:46:18+00:00, 9, 6, WIN, r
24, 5, 225, 2020-09-05T12:51:05+00:00, 15, 5, WIN, r
24, 7, 225, 2020-09-05T12:55:52+00:00, 14, 3, WIN, r
24, 8, 225, 2020-09-05T13:00:39+00:00, 16, 9, WIN, r
25, 4, 225, 2020-09-05T13:05:27+00:00, 16, 4, WIN, r
25, 5, 225, 2020-09-05T13:10:14+00:00, 12, 11, WIN, r
25, 7, 225, 2020-09-05T13:15:01+00:00, 11, 1, WIN, r
25, 8, 225, 2020-09-05T13:19:48+00:00, 4, 15, LOSE, r
26, 4, 225, 2020-09-05T13:24:35+00:00, 12, 2, WIN, r
26, 5, 225, 2020-09-05T13:29:22+00:00, 16, 4, WIN, r
26, 7, 225, 2020-09-05T13:34:09+00:00, 15, 4, WIN, r
26, 8, 225, 2020-09-05T13:38:56+00:00, 17, 14, WIN, r
27, 4, 225, 2020-09-05T13:43:43+00:00, 9, 6, WIN, r
27, 5, 225, 2020-09-05T13:48:30+00:00, 16, 4, WIN, r
27, 7, 225, 2020-09-05T13:53:18+00:00, 6, 9, LOSE, r
27, 8, 225, 2020-09-05T13:58:05+00:00, 17, 7, WIN, r
28, 4, 225, 2020-09-05T14:02:52+00:00, 12, 2, WIN, r
28, 5, 225, 2020-09-05T14:07:40+00:00, 15, 5, WIN, r
28, 7, 225, 2020-09-05T14:12:27+00:00, 6, 9, LOSE, r
28, 8, 225, 2020-09-05T14:17:14+00:00, 15, 7, WIN, r
29, 4, 225, 2020-09-05T14:22:01+00:00, 16, 4, WIN, r
29, 5, 225, 2020-09-05T14:26:48+00:00, 15, 5, WIN, r
29, 7, 225, 2020-09-05T14:31:35+00:00, 14, 2, WIN, r
29, 8, 225, 2020-09-05T14:36:22+00:00, 20, 14, WIN, r
30, 4, 225, 2020-09-05T14:41:09+00:00, 9, 3, WIN, r
30, 5, 225, 2020-09-05T14:45:57+00:00, 15, 1, WIN, r
30, 7, 225, 2020-09-05T14:50:43+00:00, 18, 8, WIN, r
30, 8, 225, 2020-09-05T14:55:31+00:00, 17, 11, WIN, r
31, 4, 225, 2020-09-05T15:00:18+00:00, 11, 1, WIN, r
31, 5, 225, 2020-09-05T15:05:05+00:00, 15, 5, WIN, r
31, 7, 225, 2020-09-05T15:09:52+00:00, 5, 17, LOSE, r
31, 8, 225, 2020-09-05T15:14:40+00:00, 8, 3, WIN, r
32, 4, 225, 2020-09-05T15:19:28+00:00, 16, 10, WIN, r
32, 5, 225, 2020-09-05T15:24:15+00:00, 11, 12, LOSE, r
32, 7, 225, 2020-09-05T15:29:02+00:00, 11, 1, WIN, r
32, 8, 225, 2020-09-05T15:33:49+00:00, 19, 14, WIN, r
33, 4, 225, 2020-09-05T15:38:36+00:00, 18, 5, WIN, r
33, 5, 225, 2020-09-05T15:43:24+00:00, 13, 2, WIN, r
33, 7, 225, 2020-09-05T15:48:11+00:00, 15, 1, WIN, r
33, 8, 225, 2020-09-05T15:52:58+00:00, 2, 12, LOSE, r
34, 4, 225, 2020-09-05T15:57:45+00:00, 10, 5, WIN, r
34, 5, 225, 2020-09-05T16:02:32+00:00, 15, 4, WIN, r
34, 7, 225, 2020-09-05T16:07:19+00:00, 13, 2, WIN, r
34, 8, 225, 2020-09-05T16:12:06+00:00, 7, 2, WIN, r
