iteration, enemy_name, game_time(s), date, my_score, enemy_score, battle_result
0, F0CACC1A, 250, 2020-08-25T15:32:43+00:00, 1, 11, LOSE
1, F0CACC1A, 250, 2020-08-25T15:38:01+00:00, 11, 22, LOSE
2, F0CACC1A, 250, 2020-08-25T15:43:19+00:00, 13, 13, LOSE
3, F0CACC1A, 250, 2020-08-25T15:48:38+00:00, 1, 11, LOSE
4, F0CACC1A, 250, 2020-08-25T15:53:56+00:00, 12, 22, LOSE
5, F0CACC1A, 250, 2020-08-25T15:59:14+00:00, 11, 12, LOSE
6, F0CACC1A, 250, 2020-08-25T16:04:33+00:00, 12, 11, WIN
7, F0CACC1A, 250, 2020-08-25T16:09:52+00:00, 1, 11, LOSE
8, F0CACC1A, 250, 2020-08-25T16:15:10+00:00, 12, 22, LOSE
9, F0CACC1A, 250, 2020-08-25T16:20:30+00:00, 13, 10, WIN
10, F0CACC1A, 250, 2020-08-25T16:25:48+00:00, 11, 18, LOSE
11, F0CACC1A, 250, 2020-08-25T16:31:06+00:00, 11, 15, LOSE
12, F0CACC1A, 250, 2020-08-25T16:36:25+00:00, 12, 11, WIN
13, F0CACC1A, 250, 2020-08-25T16:41:44+00:00, 1, 11, LOSE
14, F0CACC1A, 250, 2020-08-25T16:47:03+00:00, 1, 11, LOSE
15, F0CACC1A, 250, 2020-08-25T16:52:21+00:00, 11, 12, LOSE
16, F0CACC1A, 250, 2020-08-25T16:57:39+00:00, 8, 12, LOSE
17, F0CACC1A, 250, 2020-08-25T17:02:57+00:00, 2, 12, LOSE
18, F0CACC1A, 250, 2020-08-25T17:08:15+00:00, 1, 11, LOSE
19, F0CACC1A, 250, 2020-08-25T17:13:34+00:00, 11, 12, LOSE
20, F0CACC1A, 250, 2020-08-25T17:18:52+00:00, 11, 12, LOSE
21, F0CACC1A, 250, 2020-08-25T17:24:10+00:00, 4, 8, LOSE
22, F0CACC1A, 250, 2020-08-25T17:29:29+00:00, 11, 12, LOSE
23, F0CACC1A, 250, 2020-08-25T17:34:48+00:00, 11, 18, LOSE
24, F0CACC1A, 250, 2020-08-25T17:40:06+00:00, 1, 11, LOSE
25, F0CACC1A, 250, 2020-08-25T17:45:25+00:00, 4, 14, LOSE
26, F0CACC1A, 250, 2020-08-25T17:50:43+00:00, 1, 11, LOSE
27, F0CACC1A, 250, 2020-08-25T17:56:31+00:00, 0
0
0
0
0
0
0
0
0
0, 0
0
0
0
0
0
0
0
0
0, LOSE
28, F0CACC1A, 250, 2020-08-25T18:01:49+00:00, 11, 12, LOSE
29, F0CACC1A, 250, 2020-08-25T18:07:08+00:00, 11, 12, LOSE
30, F0CACC1A, 250, 2020-08-25T18:12:26+00:00, 1, 11, LOSE
31, F0CACC1A, 250, 2020-08-25T18:17:44+00:00, 13, 10, WIN
32, F0CACC1A, 250, 2020-08-25T18:23:03+00:00, 1, 11, LOSE
33, F0CACC1A, 250, 2020-08-25T18:28:21+00:00, 1, 15, LOSE
34, F0CACC1A, 250, 2020-08-25T18:33:40+00:00, 7, 19, LOSE
35, F0CACC1A, 250, 2020-08-25T18:38:59+00:00, 1, 11, LOSE
36, F0CACC1A, 250, 2020-08-25T18:44:17+00:00, 11, 15, LOSE
37, F0CACC1A, 250, 2020-08-25T18:49:36+00:00, 12, 19, LOSE
38, F0CACC1A, 250, 2020-08-25T18:54:54+00:00, 11, 18, LOSE
39, F0CACC1A, 250, 2020-08-25T19:00:12+00:00, 15, 5, WIN
