iteration, enemy_name, game_time(s), date, my_score, enemy_score, battle_result
0, sugarman1983, 250, 2020-08-30T00:54:20+00:00, 15, 4, WIN
1, sugarman1983, 250, 2020-08-30T01:00:14+00:00, 14, 9, WIN
2, sugarman1983, 250, 2020-08-30T01:06:08+00:00, 14, 4, WIN
3, sugarman1983, 250, 2020-08-30T01:12:02+00:00, 15, 3, WIN
4, sugarman1983, 250, 2020-08-30T01:17:57+00:00, 14, 3, WIN
5, sugarman1983, 250, 2020-08-30T01:23:52+00:00, 15, 4, WIN
6, sugarman1983, 250, 2020-08-30T01:29:44+00:00, 11, 12, LOSE
7, sugarman1983, 250, 2020-08-30T01:35:48+00:00, 13
13
13
13, 2
2
2
2, LOSE
8, sugarman1983, 250, 2020-08-30T01:41:43+00:00, 14, 4, WIN
9, sugarman1983, 250, 2020-08-30T01:47:35+00:00, 12, 11, WIN
10, sugarman1983, 250, 2020-08-30T01:53:39+00:00, 15
15
15
15, 5
5
5
5, LOSE
11, sugarman1983, 250, 2020-08-30T01:59:34+00:00, 11, 6, WIN
12, sugarman1983, 250, 2020-08-30T02:05:26+00:00, 17, 6, WIN
13, sugarman1983, 250, 2020-08-30T02:11:30+00:00, 14
14
14
14, 3
3
3
3, LOSE
14, sugarman1983, 250, 2020-08-30T02:17:25+00:00, 15, 3, WIN
15, sugarman1983, 250, 2020-08-30T02:23:17+00:00, 13, 5, WIN
16, sugarman1983, 250, 2020-08-30T02:29:21+00:00, 17
17
17
17, 5
5
5
5, LOSE
17, sugarman1983, 250, 2020-08-30T02:35:16+00:00, 14, 3, WIN
18, sugarman1983, 250, 2020-08-30T02:41:08+00:00, 15, 5, WIN
19, sugarman1983, 250, 2020-08-30T02:47:12+00:00, 14
14
14
14, 4
4
4
4, LOSE
20, sugarman1983, 250, 2020-08-30T02:53:04+00:00, 13, 4, WIN
